Base path: 'C:/Program Files/Unity/Hub/Editor/2019.2.19f1/Editor/Data', plugins path 'C:/Program Files/Unity/Hub/Editor/2019.2.19f1/Editor/Data/PlaybackEngines'
Cmd: initializeCompiler
Cmd: compileComputeKernel
  api=4 insize=19040 outsize=4952 ok=1
Cmd: compileComputeKernel
  api=4 insize=15806 outsize=114235 ok=1
Cmd: compileComputeKernel
  api=4 insize=15806 outsize=31663 ok=1
Cmd: compileComputeKernel
  api=4 insize=15806 outsize=56142 ok=1
Cmd: compileComputeKernel
  api=4 insize=15806 outsize=67647 ok=1
Cmd: compileComputeKernel
  api=4 insize=26390 outsize=15695 ok=1
Cmd: compileComputeKernel
  api=4 insize=26390 outsize=16121 ok=1
Cmd: compileComputeKernel
  api=4 insize=3927 outsize=1744 ok=1
Cmd: compileComputeKernel
  api=4 insize=9590 outsize=7442 ok=1
Cmd: compileComputeKernel
  api=4 insize=22088 outsize=14529 ok=1
Cmd: compileComputeKernel
  api=4 insize=22288 outsize=21741 ok=1
Cmd: compileComputeKernel
  api=4 insize=3111 outsize=2047 ok=1
Cmd: compileComputeKernel
  api=4 insize=8163 outsize=5629 ok=1
Cmd: compileComputeKernel
  api=4 insize=37247 outsize=32395 ok=1
Cmd: compileComputeKernel
  api=4 insize=37247 outsize=31493 ok=1
Cmd: compileComputeKernel
  api=4 insize=37247 outsize=36696 ok=1
Cmd: compileComputeKernel
  api=4 insize=17989 outsize=8154 ok=1
Cmd: compileComputeKernel
  api=4 insize=5190 outsize=2822 ok=1
Cmd: compileComputeKernel
  api=4 insize=2684 outsize=2186 ok=1
Cmd: compileComputeKernel
  api=4 insize=10127 outsize=4045 ok=1
Cmd: compileComputeKernel
  api=4 insize=7903 outsize=4491 ok=1
Cmd: compileComputeKernel
  api=4 insize=4037 outsize=2830 ok=1
Cmd: compileComputeKernel
  api=4 insize=18083 outsize=2481 ok=1
Cmd: compileSnippet
  api=4 type=0 insize=5996 outsize=502 kw=APPLY_AFTER_POST pd=UNITY_ENABLE_REFLECTION_BUFFERS UNITY_USE_DITHER_MASK_FOR_ALPHABLENDED_SHADOWS UNITY_PBS_USE_BRDF1 UNITY_SPECCUBE_BOX_PROJECTION UNITY_SPECCUBE_BLENDING UNITY_ENABLE_DETAIL_NORMALMAP SHADER_API_DESKTOP UNITY_COLORSPACE_GAMMA UNITY_LIGHT_PROBE_PROXY_VOLUME UNITY_LIGHTMAP_FULL_HDR ok=1
Cmd: compileSnippet
  api=4 type=1 insize=6855 outsize=142 kw=_NORMALMAP_TANGENT_SPACE _NORMALMAP _MATERIAL_FEATURE_SPECULAR_COLOR pd=UNITY_ENABLE_REFLECTION_BUFFERS UNITY_USE_DITHER_MASK_FOR_ALPHABLENDED_SHADOWS UNITY_PBS_USE_BRDF1 UNITY_SPECCUBE_BOX_PROJECTION UNITY_SPECCUBE_BLENDING UNITY_ENABLE_DETAIL_NORMALMAP SHADER_API_DESKTOP UNITY_COLORSPACE_GAMMA UNITY_LIGHT_PROBE_PROXY_VOLUME UNITY_LIGHTMAP_FULL_HDR ok=1
Cmd: compileSnippet
  api=4 type=1 insize=7331 outsize=6570 kw=LIGHTMAP_ON DIRLIGHTMAP_COMBINED DYNAMICLIGHTMAP_ON DECALS_3RT _NORMALMAP_TANGENT_SPACE _NORMALMAP _MATERIAL_FEATURE_SPECULAR_COLOR pd=UNITY_ENABLE_REFLECTION_BUFFERS UNITY_USE_DITHER_MASK_FOR_ALPHABLENDED_SHADOWS UNITY_PBS_USE_BRDF1 UNITY_SPECCUBE_BOX_PROJECTION UNITY_SPECCUBE_BLENDING UNITY_ENABLE_DETAIL_NORMALMAP SHADER_API_DESKTOP UNITY_COLORSPACE_GAMMA UNITY_LIGHT_PROBE_PROXY_VOLUME UNITY_LIGHTMAP_FULL_HDR ok=1
